<?xml version="1.0" encoding="UTF-8"?>
<!-- Generated by org.testng.reporters.JUnitReportReporter -->
<testsuite hostname="DESKTOP-GJNVS03" failures="0" tests="1" name="qsp.TestNG" time="0.027" errors="0" timestamp="2024-07-20T12:31:19 IST" skipped="0">
  <testcase classname="qsp.TestNG" name="demo" time="0.027"/>
  <system-out>
    <![CDATA[Welcome to TestNG]]>
  </system-out>
</testsuite> <!-- qsp.TestNG -->
